2020-03-18 17:51:18,384 - my_interface_test - [test_01_register.py-->line:29] - INFO: 用例正确格式的数据注册成功断言成功
2020-03-18 17:51:19,133 - my_interface_test - [test_01_register.py-->line:29] - INFO: 用例密码为空断言成功
2020-03-18 17:51:19,889 - my_interface_test - [test_01_register.py-->line:29] - INFO: 用例密码少于8位断言成功
2020-03-18 17:51:20,661 - my_interface_test - [test_01_register.py-->line:29] - INFO: 用例密码大于16位断言成功
2020-03-18 17:51:21,089 - my_interface_test - [test_01_register.py-->line:29] - INFO: 用例手机号为空断言成功
2020-03-18 17:51:21,521 - my_interface_test - [test_01_register.py-->line:29] - INFO: 用例手机号密码均为空断言成功
2020-03-18 17:51:21,968 - my_interface_test - [test_01_register.py-->line:29] - INFO: 用例手机号输入为空格断言成功
2020-03-18 17:51:22,437 - my_interface_test - [test_01_register.py-->line:25] - ERROR: 用例手机号和密码均输入为空格断言失败
2020-03-18 17:51:28,155 - my_interface_test - [test_01_register.py-->line:25] - ERROR: 用例手机号和密码均输入为空格断言失败
2020-03-18 17:51:33,837 - my_interface_test - [test_01_register.py-->line:25] - ERROR: 用例手机号和密码均输入为空格断言失败
2020-03-18 17:51:34,615 - my_interface_test - [test_02_login.py-->line:39] - INFO: 用例手机密码均为空断言成功
2020-03-18 17:51:35,068 - my_interface_test - [test_02_login.py-->line:39] - INFO: 用例手机密码正常输入断言成功
2020-03-18 17:51:35,543 - my_interface_test - [test_02_login.py-->line:39] - INFO: 用例密码为空断言成功
2020-03-18 17:51:35,975 - my_interface_test - [test_02_login.py-->line:39] - INFO: 用例手机号少于8位断言成功
2020-03-18 17:51:36,741 - my_interface_test - [test_03_recharge.py-->line:53] - INFO: 用例不登录充值断言成功
2020-03-18 17:51:37,227 - my_interface_test - [test_03_recharge.py-->line:53] - INFO: 用例投资人登录成功断言成功
2020-03-18 17:51:38,127 - my_interface_test - [test_03_recharge.py-->line:53] - INFO: 用例正常输入投资信息断言成功
2020-03-18 17:51:38,627 - my_interface_test - [test_03_recharge.py-->line:53] - INFO: 用例投资人id为空断言成功
2020-03-18 17:51:39,080 - my_interface_test - [test_03_recharge.py-->line:53] - INFO: 用例投资人id为空格断言成功
2020-03-18 17:51:39,549 - my_interface_test - [test_03_recharge.py-->line:53] - INFO: 用例投资数量为负数断言成功
2020-03-18 17:51:40,018 - my_interface_test - [test_03_recharge.py-->line:53] - INFO: 用例投资数量为小数断言成功
2020-03-18 17:51:40,439 - my_interface_test - [test_03_recharge.py-->line:53] - INFO: 用例投资数量为非字数断言成功
2020-03-18 17:51:40,893 - my_interface_test - [test_03_recharge.py-->line:53] - INFO: 用例投资数量为空断言成功
2020-03-18 17:51:41,361 - my_interface_test - [test_03_recharge.py-->line:53] - INFO: 用例投资数量为0断言成功
2020-03-18 17:51:42,299 - my_interface_test - [test_04_add.py-->line:43] - INFO: 用例未登录增加项目断言成功
2020-03-18 17:51:43,018 - my_interface_test - [test_04_add.py-->line:43] - INFO: 用例借款人登录成功断言成功
2020-03-18 17:51:43,705 - my_interface_test - [test_04_add.py-->line:43] - INFO: 用例添加项目成功断言成功
2020-03-18 17:51:44,372 - my_interface_test - [test_04_add.py-->line:43] - INFO: 用例用户id为空断言成功
2020-03-18 17:51:45,126 - my_interface_test - [test_04_add.py-->line:39] - ERROR: 用例未注册的用户id断言失败
2020-03-18 17:51:50,939 - my_interface_test - [test_04_add.py-->line:39] - ERROR: 用例未注册的用户id断言失败
2020-03-18 17:51:56,753 - my_interface_test - [test_04_add.py-->line:39] - ERROR: 用例未注册的用户id断言失败
2020-03-18 17:51:57,425 - my_interface_test - [test_04_add.py-->line:43] - INFO: 用例标题为空断言成功
2020-03-18 17:51:58,112 - my_interface_test - [test_04_add.py-->line:43] - INFO: 用例借款数量为0断言成功
2020-03-18 17:51:58,798 - my_interface_test - [test_04_add.py-->line:43] - INFO: 用例借款数量为负数断言成功
2020-03-18 17:51:59,465 - my_interface_test - [test_04_add.py-->line:43] - INFO: 用例借款期限为负数断言成功
2020-03-18 17:52:00,153 - my_interface_test - [test_04_add.py-->line:43] - INFO: 用例借款期限小于1个月断言成功
2020-03-18 17:52:00,842 - my_interface_test - [test_04_add.py-->line:43] - INFO: 用例借款期限大于36个月断言成功
2020-03-18 17:52:01,619 - my_interface_test - [test_05_verify.py-->line:42] - INFO: 用例管理员登录断言成功
2020-03-18 17:52:02,074 - my_interface_test - [test_05_verify.py-->line:42] - INFO: 用例管理员审核断言成功
2020-03-18 17:52:02,798 - my_interface_test - [test_06_invest.py-->line:32] - INFO: 用例未登录进行投资断言成功
2020-03-18 17:52:03,267 - my_interface_test - [test_06_invest.py-->line:32] - INFO: 用例投资人登录断言成功
2020-03-18 17:52:03,751 - my_interface_test - [test_06_invest.py-->line:32] - INFO: 用例投资成功断言成功
2020-03-18 17:52:04,205 - my_interface_test - [test_06_invest.py-->line:32] - INFO: 用例投资金额带小数断言成功
2020-03-18 17:52:04,645 - my_interface_test - [test_06_invest.py-->line:32] - INFO: 用例投资金额为负数断言成功
2020-03-18 17:52:05,096 - my_interface_test - [test_06_invest.py-->line:32] - INFO: 用例投资金额个位不为0断言成功
2020-03-18 17:52:05,549 - my_interface_test - [test_06_invest.py-->line:32] - INFO: 用例投资金额十位不为0断言成功
2020-03-18 17:52:06,018 - my_interface_test - [test_06_invest.py-->line:28] - ERROR: 用例投资金额大于剩余金额断言失败
2020-03-18 17:52:11,815 - my_interface_test - [test_06_invest.py-->line:28] - ERROR: 用例投资金额大于剩余金额断言失败
2020-03-18 17:52:17,580 - my_interface_test - [test_06_invest.py-->line:28] - ERROR: 用例投资金额大于剩余金额断言失败
