2020-02-01 21:12:27,550 - my_interface_test - [test_01_register.py-->line:39] - INFO: 用例正确格式的数据注册成功断言成功
2020-02-01 21:12:28,735 - my_interface_test - [test_01_register.py-->line:39] - INFO: 用例密码为空断言成功
2020-02-01 21:12:29,921 - my_interface_test - [test_01_register.py-->line:39] - INFO: 用例密码少于8位断言成功
2020-02-01 21:12:31,075 - my_interface_test - [test_01_register.py-->line:39] - INFO: 用例密码大于16位断言成功
2020-02-01 21:12:31,855 - my_interface_test - [test_01_register.py-->line:39] - INFO: 用例手机号为空断言成功
2020-02-01 21:12:32,635 - my_interface_test - [test_01_register.py-->line:39] - INFO: 用例手机号密码均为空断言成功
2020-02-01 21:12:33,462 - my_interface_test - [test_01_register.py-->line:39] - INFO: 用例手机号输入为空格断言成功
2020-02-01 21:12:34,133 - my_interface_test - [test_01_register.py-->line:35] - ERROR: 用例手机号和密码均输入为空格断言失败
2020-02-01 21:12:40,139 - my_interface_test - [test_01_register.py-->line:35] - ERROR: 用例手机号和密码均输入为空格断言失败
2020-02-01 21:12:46,005 - my_interface_test - [test_01_register.py-->line:35] - ERROR: 用例手机号和密码均输入为空格断言失败
2020-02-01 21:12:47,128 - my_interface_test - [test_02_login.py-->line:40] - INFO: 用例手机密码均为空断言成功
2020-02-01 21:12:47,955 - my_interface_test - [test_02_login.py-->line:40] - INFO: 用例手机密码正常输入断言成功
2020-02-01 21:12:48,750 - my_interface_test - [test_02_login.py-->line:40] - INFO: 用例密码为空断言成功
2020-02-01 21:12:49,530 - my_interface_test - [test_02_login.py-->line:40] - INFO: 用例手机号少于8位断言成功
2020-02-01 21:12:50,638 - my_interface_test - [test_03_recharge.py-->line:54] - INFO: 用例不登录充值断言成功
2020-02-01 21:12:51,433 - my_interface_test - [test_03_recharge.py-->line:54] - INFO: 用例投资人登录成功断言成功
2020-02-01 21:12:52,525 - my_interface_test - [test_03_recharge.py-->line:54] - INFO: 用例正常输入投资信息断言成功
2020-02-01 21:12:53,321 - my_interface_test - [test_03_recharge.py-->line:54] - INFO: 用例投资人id为空断言成功
2020-02-01 21:12:54,179 - my_interface_test - [test_03_recharge.py-->line:54] - INFO: 用例投资人id为空格断言成功
2020-02-01 21:12:54,975 - my_interface_test - [test_03_recharge.py-->line:54] - INFO: 用例投资数量为负数断言成功
2020-02-01 21:12:55,786 - my_interface_test - [test_03_recharge.py-->line:54] - INFO: 用例投资数量为小数断言成功
2020-02-01 21:12:56,597 - my_interface_test - [test_03_recharge.py-->line:54] - INFO: 用例投资数量为非字数断言成功
2020-02-01 21:12:57,393 - my_interface_test - [test_03_recharge.py-->line:54] - INFO: 用例投资数量为空断言成功
2020-02-01 21:12:58,204 - my_interface_test - [test_03_recharge.py-->line:54] - INFO: 用例投资数量为0断言成功
2020-02-01 21:12:59,561 - my_interface_test - [test_04_add.py-->line:44] - INFO: 用例未登录增加项目断言成功
2020-02-01 21:13:00,622 - my_interface_test - [test_04_add.py-->line:44] - INFO: 用例借款人登录成功断言成功
2020-02-01 21:13:01,714 - my_interface_test - [test_04_add.py-->line:44] - INFO: 用例添加项目成功断言成功
2020-02-01 21:13:02,759 - my_interface_test - [test_04_add.py-->line:44] - INFO: 用例用户id为空断言成功
2020-02-01 21:13:03,913 - my_interface_test - [test_04_add.py-->line:40] - ERROR: 用例未注册的用户id断言失败
2020-02-01 21:13:10,122 - my_interface_test - [test_04_add.py-->line:40] - ERROR: 用例未注册的用户id断言失败
2020-02-01 21:13:16,253 - my_interface_test - [test_04_add.py-->line:40] - ERROR: 用例未注册的用户id断言失败
2020-02-01 21:13:17,860 - my_interface_test - [test_04_add.py-->line:44] - INFO: 用例标题为空断言成功
2020-02-01 21:13:18,889 - my_interface_test - [test_04_add.py-->line:44] - INFO: 用例借款数量为0断言成功
2020-02-01 21:13:19,919 - my_interface_test - [test_04_add.py-->line:44] - INFO: 用例借款数量为负数断言成功
2020-02-01 21:13:20,949 - my_interface_test - [test_04_add.py-->line:44] - INFO: 用例借款期限为负数断言成功
2020-02-01 21:13:22,025 - my_interface_test - [test_04_add.py-->line:44] - INFO: 用例借款期限小于1个月断言成功
2020-02-01 21:13:23,055 - my_interface_test - [test_04_add.py-->line:44] - INFO: 用例借款期限大于36个月断言成功
2020-02-01 21:13:24,193 - my_interface_test - [test_05_verify.py-->line:43] - INFO: 用例管理员登录断言成功
2020-02-01 21:13:25,005 - my_interface_test - [test_05_verify.py-->line:43] - INFO: 用例管理员审核断言成功
2020-02-01 21:13:26,128 - my_interface_test - [test_06_invest.py-->line:33] - INFO: 用例未登录进行投资断言成功
2020-02-01 21:13:27,017 - my_interface_test - [test_06_invest.py-->line:33] - INFO: 用例投资人登录断言成功
2020-02-01 21:13:27,844 - my_interface_test - [test_06_invest.py-->line:33] - INFO: 用例投资成功断言成功
2020-02-01 21:13:28,639 - my_interface_test - [test_06_invest.py-->line:33] - INFO: 用例投资金额带小数断言成功
2020-02-01 21:13:29,435 - my_interface_test - [test_06_invest.py-->line:33] - INFO: 用例投资金额为负数断言成功
2020-02-01 21:13:30,246 - my_interface_test - [test_06_invest.py-->line:33] - INFO: 用例投资金额个位不为0断言成功
2020-02-01 21:13:31,057 - my_interface_test - [test_06_invest.py-->line:33] - INFO: 用例投资金额十位不为0断言成功
2020-02-01 21:13:31,837 - my_interface_test - [test_06_invest.py-->line:29] - ERROR: 用例投资金额大于剩余金额断言失败
2020-02-01 21:13:37,953 - my_interface_test - [test_06_invest.py-->line:29] - ERROR: 用例投资金额大于剩余金额断言失败
2020-02-01 21:13:44,083 - my_interface_test - [test_06_invest.py-->line:29] - ERROR: 用例投资金额大于剩余金额断言失败
